\BOOKMARK [1][-]{section.1}{Introduction}{}% 1
\BOOKMARK [1][-]{section.2}{Fundamentals}{}% 2
\BOOKMARK [2][-]{subsection.2.1}{Hardware}{section.2}% 3
\BOOKMARK [3][-]{subsubsection.2.1.1}{Raspberry Pi}{subsection.2.1}% 4
\BOOKMARK [3][-]{subsubsection.2.1.2}{Sense Hat}{subsection.2.1}% 5
\BOOKMARK [3][-]{subsubsection.2.1.3}{Sensor Tag CC2650}{subsection.2.1}% 6
\BOOKMARK [3][-]{subsubsection.2.1.4}{The Wheel}{subsection.2.1}% 7
\BOOKMARK [2][-]{subsection.2.2}{Software}{section.2}% 8
\BOOKMARK [3][-]{subsubsection.2.2.1}{Raspbian}{subsection.2.2}% 9
\BOOKMARK [3][-]{subsubsection.2.2.2}{Node-RED}{subsection.2.2}% 10
\BOOKMARK [3][-]{subsubsection.2.2.3}{Matlab}{subsection.2.2}% 11
\BOOKMARK [3][-]{subsubsection.2.2.4}{Java}{subsection.2.2}% 12
\BOOKMARK [3][-]{subsubsection.2.2.5}{MQTT}{subsection.2.2}% 13
\BOOKMARK [1][-]{section.3}{Implementation}{}% 14
\BOOKMARK [2][-]{subsection.3.1}{How to start node-red}{section.3}% 15
\BOOKMARK [2][-]{subsection.3.2}{Node-RED Program}{section.3}% 16
\BOOKMARK [3][-]{subsubsection.3.2.1}{Sense HAT node}{subsection.3.2}% 17
\BOOKMARK [3][-]{subsubsection.3.2.2}{Function node}{subsection.3.2}% 18
\BOOKMARK [3][-]{subsubsection.3.2.3}{MQTT node}{subsection.3.2}% 19
\BOOKMARK [2][-]{subsection.3.3}{Matlab}{section.3}% 20
\BOOKMARK [3][-]{subsubsection.3.3.1}{Important commands for Matlab}{subsection.3.3}% 21
\BOOKMARK [3][-]{subsubsection.3.3.2}{Startup}{subsection.3.3}% 22
\BOOKMARK [3][-]{subsubsection.3.3.3}{Subscribe}{subsection.3.3}% 23
\BOOKMARK [3][-]{subsubsection.3.3.4}{Plot}{subsection.3.3}% 24
\BOOKMARK [1][-]{section.4}{Summary and Conclusion}{}% 25
\BOOKMARK [2][-]{subsection.4.1}{Summary}{section.4}% 26
\BOOKMARK [2][-]{subsection.4.2}{Conclusion}{section.4}% 27
\BOOKMARK [1][-]{section.5}{Attachment}{}% 28
\BOOKMARK [2][-]{subsection.5.1}{Source Code Node-red SensorTag}{section.5}% 29
\BOOKMARK [2][-]{subsection.5.2}{Source Code Node-red Sense-HAT}{section.5}% 30
\BOOKMARK [2][-]{subsection.5.3}{Source Code Timestamp-node}{section.5}% 31
\BOOKMARK [2][-]{subsection.5.4}{How to write a simple MQTT Client in Java with NetBeans}{section.5}% 32
\BOOKMARK [2][-]{subsection.5.5}{How to setup Java in Matlab}{section.5}% 33
\BOOKMARK [2][-]{subsection.5.6}{How to add a Java class to Matlab}{section.5}% 34
\BOOKMARK [2][-]{subsection.5.7}{Source Code Java - Main class}{section.5}% 35
\BOOKMARK [2][-]{subsection.5.8}{Source Code Java - Topic class}{section.5}% 36
