This is pdfTeX, Version 3.14159265-2.6-1.40.18 (MiKTeX 2.9.6350 64-bit) (preloaded format=pdflatex 2017.6.26)  26 JUL 2017 14:28
entering extended mode
**./Report-Group4-IoT-Wheel.tex
(Report-Group4-IoT-Wheel.tex
LaTeX2e <2017-04-15>
Babel <3.10> and hyphenation patterns for 75 language(s) loaded.
("C:\Program Files\MiKTeX 2.9\tex\latex\base\article.cls"
Document Class: article 2014/09/29 v1.4h Standard LaTeX document class
("C:\Program Files\MiKTeX 2.9\tex\latex\base\size12.clo"
File: size12.clo 2014/09/29 v1.4h Standard LaTeX file (size option)
)
\c@part=\count79
\c@section=\count80
\c@subsection=\count81
\c@subsubsection=\count82
\c@paragraph=\count83
\c@subparagraph=\count84
\c@figure=\count85
\c@table=\count86
\abovecaptionskip=\skip41
\belowcaptionskip=\skip42
\bibindent=\dimen102
)
("C:\Program Files\MiKTeX 2.9\tex\generic\babel\babel.sty"
Package: babel 2017/05/19 3.10 The Babel package

*************************************
* Local config file bblopts.cfg used
*
("C:\Program Files\MiKTeX 2.9\tex\latex\arabi\bblopts.cfg"
File: bblopts.cfg 2005/09/08 v0.1 add Arabic and Farsi to "declared" options of
 babel
)
("C:\Program Files\MiKTeX 2.9\tex\latex\babel-english\british.ldf"
Language: british 2017/01/24 v3.3q English support from the babel system

("C:\Program Files\MiKTeX 2.9\tex\latex\babel-english\english.ldf"
Language: english 2017/01/24 v3.3q English support from the babel system

("C:\Program Files\MiKTeX 2.9\tex\generic\babel\babel.def"
File: babel.def 2017/05/19 3.10 Babel common definitions
\babel@savecnt=\count87
\U@D=\dimen103
)
\l@canadian = a dialect from \language\l@american 
\l@australian = a dialect from \language\l@british 
\l@newzealand = a dialect from \language\l@british 
))
("C:\Program Files\MiKTeX 2.9\tex\latex\babel-english\UKenglish.ldf"
Language: UKenglish 2017/01/24 v3.3q English support from the babel system

("C:\Program Files\MiKTeX 2.9\tex\latex\babel-english\english.ldf"
Language: english 2017/01/24 v3.3q English support from the babel system
))
("C:\Program Files\MiKTeX 2.9\tex\latex\babel-english\USenglish.ldf"
Language: USenglish 2017/01/24 v3.3q English support from the babel system

("C:\Program Files\MiKTeX 2.9\tex\latex\babel-english\english.ldf"
Language: english 2017/01/24 v3.3q English support from the babel system
))
("C:\Program Files\MiKTeX 2.9\tex\latex\babel-english\american.ldf"
Language: american 2017/01/24 v3.3q English support from the babel system

("C:\Program Files\MiKTeX 2.9\tex\latex\babel-english\english.ldf"
Language: english 2017/01/24 v3.3q English support from the babel system
)))
("C:\Program Files\MiKTeX 2.9\tex\latex\lm\lmodern.sty"
Package: lmodern 2009/10/30 v1.6 Latin Modern Fonts
LaTeX Font Info:    Overwriting symbol font `operators' in version `normal'
(Font)                  OT1/cmr/m/n --> OT1/lmr/m/n on input line 22.
LaTeX Font Info:    Overwriting symbol font `letters' in version `normal'
(Font)                  OML/cmm/m/it --> OML/lmm/m/it on input line 23.
LaTeX Font Info:    Overwriting symbol font `symbols' in version `normal'
(Font)                  OMS/cmsy/m/n --> OMS/lmsy/m/n on input line 24.
LaTeX Font Info:    Overwriting symbol font `largesymbols' in version `normal'
(Font)                  OMX/cmex/m/n --> OMX/lmex/m/n on input line 25.
LaTeX Font Info:    Overwriting symbol font `operators' in version `bold'
(Font)                  OT1/cmr/bx/n --> OT1/lmr/bx/n on input line 26.
LaTeX Font Info:    Overwriting symbol font `letters' in version `bold'
(Font)                  OML/cmm/b/it --> OML/lmm/b/it on input line 27.
LaTeX Font Info:    Overwriting symbol font `symbols' in version `bold'
(Font)                  OMS/cmsy/b/n --> OMS/lmsy/b/n on input line 28.
LaTeX Font Info:    Overwriting symbol font `largesymbols' in version `bold'
(Font)                  OMX/cmex/m/n --> OMX/lmex/m/n on input line 29.
LaTeX Font Info:    Overwriting math alphabet `\mathbf' in version `normal'
(Font)                  OT1/cmr/bx/n --> OT1/lmr/bx/n on input line 31.
LaTeX Font Info:    Overwriting math alphabet `\mathsf' in version `normal'
(Font)                  OT1/cmss/m/n --> OT1/lmss/m/n on input line 32.
LaTeX Font Info:    Overwriting math alphabet `\mathit' in version `normal'
(Font)                  OT1/cmr/m/it --> OT1/lmr/m/it on input line 33.
LaTeX Font Info:    Overwriting math alphabet `\mathtt' in version `normal'
(Font)                  OT1/cmtt/m/n --> OT1/lmtt/m/n on input line 34.
LaTeX Font Info:    Overwriting math alphabet `\mathbf' in version `bold'
(Font)                  OT1/cmr/bx/n --> OT1/lmr/bx/n on input line 35.
LaTeX Font Info:    Overwriting math alphabet `\mathsf' in version `bold'
(Font)                  OT1/cmss/bx/n --> OT1/lmss/bx/n on input line 36.
LaTeX Font Info:    Overwriting math alphabet `\mathit' in version `bold'
(Font)                  OT1/cmr/bx/it --> OT1/lmr/bx/it on input line 37.
LaTeX Font Info:    Overwriting math alphabet `\mathtt' in version `bold'
(Font)                  OT1/cmtt/m/n --> OT1/lmtt/m/n on input line 38.
)
("C:\Program Files\MiKTeX 2.9\tex\latex\graphics\graphicx.sty"
Package: graphicx 2014/10/28 v1.0g Enhanced LaTeX Graphics (DPC,SPQR)

("C:\Program Files\MiKTeX 2.9\tex\latex\graphics\keyval.sty"
Package: keyval 2014/10/28 v1.15 key=value parser (DPC)
\KV@toks@=\toks14
)
("C:\Program Files\MiKTeX 2.9\tex\latex\graphics\graphics.sty"
Package: graphics 2017/04/14 v1.1b Standard LaTeX Graphics (DPC,SPQR)

("C:\Program Files\MiKTeX 2.9\tex\latex\graphics\trig.sty"
Package: trig 2016/01/03 v1.10 sin cos tan (DPC)
)
("C:\Program Files\MiKTeX 2.9\tex\latex\graphics-cfg\graphics.cfg"
File: graphics.cfg 2016/06/04 v1.11 sample graphics configuration
)
Package graphics Info: Driver file: pdftex.def on input line 99.

("C:\Program Files\MiKTeX 2.9\tex\latex\graphics-def\pdftex.def"
File: pdftex.def 2017/01/12 v0.06k Graphics/color for pdfTeX

("C:\Program Files\MiKTeX 2.9\tex\generic\oberdiek\infwarerr.sty"
Package: infwarerr 2016/05/16 v1.4 Providing info/warning/error messages (HO)
)
("C:\Program Files\MiKTeX 2.9\tex\generic\oberdiek\ltxcmds.sty"
Package: ltxcmds 2016/05/16 v1.23 LaTeX kernel commands for general use (HO)
)
\Gread@gobject=\count88
))
\Gin@req@height=\dimen104
\Gin@req@width=\dimen105
)
("C:\Program Files\MiKTeX 2.9\tex\latex\float\float.sty"
Package: float 2001/11/08 v1.3d Float enhancements (AL)
\c@float@type=\count89
\float@exts=\toks15
\float@box=\box26
\@float@everytoks=\toks16
\@floatcapt=\box27
)
("C:\Program Files\MiKTeX 2.9\tex\latex\pdfpages\pdfpages.sty"
Package: pdfpages 2017/07/14 v0.5j Insert pages of external PDF documents (AM)

("C:\Program Files\MiKTeX 2.9\tex\latex\base\ifthen.sty"
Package: ifthen 2014/09/29 v1.1c Standard LaTeX ifthen package (DPC)
)
("C:\Program Files\MiKTeX 2.9\tex\latex\tools\calc.sty"
Package: calc 2014/10/28 v4.3 Infix arithmetic (KKT,FJ)
\calc@Acount=\count90
\calc@Bcount=\count91
\calc@Adimen=\dimen106
\calc@Bdimen=\dimen107
\calc@Askip=\skip43
\calc@Bskip=\skip44
LaTeX Info: Redefining \setlength on input line 80.
LaTeX Info: Redefining \addtolength on input line 81.
\calc@Ccount=\count92
\calc@Cskip=\skip45
)
("C:\Program Files\MiKTeX 2.9\tex\latex\eso-pic\eso-pic.sty"
Package: eso-pic 2015/07/21 v2.0g eso-pic (RN)

("C:\Program Files\MiKTeX 2.9\tex\generic\oberdiek\atbegshi.sty"
Package: atbegshi 2016/06/09 v1.18 At begin shipout hook (HO)

("C:\Program Files\MiKTeX 2.9\tex\generic\oberdiek\ifpdf.sty"
Package: ifpdf 2017/03/15 v3.2 Provides the ifpdf switch
))
("C:\Program Files\MiKTeX 2.9\tex\latex\xcolor\xcolor.sty"
Package: xcolor 2016/05/11 v2.12 LaTeX color extensions (UK)

("C:\Program Files\MiKTeX 2.9\tex\latex\graphics-cfg\color.cfg"
File: color.cfg 2016/01/02 v1.6 sample color configuration
)
Package xcolor Info: Driver file: pdftex.def on input line 225.
Package xcolor Info: Model `cmy' substituted by `cmy0' on input line 1348.
Package xcolor Info: Model `hsb' substituted by `rgb' on input line 1352.
Package xcolor Info: Model `RGB' extended on input line 1364.
Package xcolor Info: Model `HTML' substituted by `rgb' on input line 1366.
Package xcolor Info: Model `Hsb' substituted by `hsb' on input line 1367.
Package xcolor Info: Model `tHsb' substituted by `hsb' on input line 1368.
Package xcolor Info: Model `HSB' substituted by `hsb' on input line 1369.
Package xcolor Info: Model `Gray' substituted by `gray' on input line 1370.
Package xcolor Info: Model `wave' substituted by `hsb' on input line 1371.
))
\AM@pagewidth=\dimen108
\AM@pageheight=\dimen109

("C:\Program Files\MiKTeX 2.9\tex\latex\pdfpages\pppdftex.def"
File: pppdftex.def 2017/07/14 v0.5j Pdfpages driver for pdfTeX (AM)
)
\AM@pagebox=\box28
\AM@global@opts=\toks17
\AM@toc@title=\toks18
\c@AM@survey=\count93
\AM@templatesizebox=\box29
)
("C:\Program Files\MiKTeX 2.9\tex\latex\listings\listings.sty"
\lst@mode=\count94
\lst@gtempboxa=\box30
\lst@token=\toks19
\lst@length=\count95
\lst@currlwidth=\dimen110
\lst@column=\count96
\lst@pos=\count97
\lst@lostspace=\dimen111
\lst@width=\dimen112
\lst@newlines=\count98
\lst@lineno=\count99
\lst@maxwidth=\dimen113

("C:\Program Files\MiKTeX 2.9\tex\latex\listings\lstmisc.sty"
File: lstmisc.sty 2015/06/04 1.6 (Carsten Heinz)
\c@lstnumber=\count100
\lst@skipnumbers=\count101
\lst@framebox=\box31
)
("C:\Program Files\MiKTeX 2.9\tex\latex\listings\listings.cfg"
File: listings.cfg 2015/06/04 1.6 listings configuration
))
Package: listings 2015/06/04 1.6 (Carsten Heinz)

("C:\Program Files\MiKTeX 2.9\tex\latex\hyperref\hyperref.sty"
Package: hyperref 2017/03/14 v6.85a Hypertext links for LaTeX

("C:\Program Files\MiKTeX 2.9\tex\generic\oberdiek\hobsub-hyperref.sty"
Package: hobsub-hyperref 2016/05/16 v1.14 Bundle oberdiek, subset hyperref (HO)


("C:\Program Files\MiKTeX 2.9\tex\generic\oberdiek\hobsub-generic.sty"
Package: hobsub-generic 2016/05/16 v1.14 Bundle oberdiek, subset generic (HO)
Package: hobsub 2016/05/16 v1.14 Construct package bundles (HO)
Package hobsub Info: Skipping package `infwarerr' (already loaded).
Package hobsub Info: Skipping package `ltxcmds' (already loaded).
Package: ifluatex 2016/05/16 v1.4 Provides the ifluatex switch (HO)
Package ifluatex Info: LuaTeX not detected.
Package: ifvtex 2016/05/16 v1.6 Detect VTeX and its facilities (HO)
Package ifvtex Info: VTeX not detected.
Package: intcalc 2016/05/16 v1.2 Expandable calculations with integers (HO)
Package hobsub Info: Skipping package `ifpdf' (already loaded).
Package: etexcmds 2016/05/16 v1.6 Avoid name clashes with e-TeX commands (HO)
Package etexcmds Info: Could not find \expanded.
(etexcmds)             That can mean that you are not using pdfTeX 1.50 or
(etexcmds)             that some package has redefined \expanded.
(etexcmds)             In the latter case, load this package earlier.
Package: kvsetkeys 2016/05/16 v1.17 Key value parser (HO)
Package: kvdefinekeys 2016/05/16 v1.4 Define keys (HO)
Package: pdftexcmds 2017/03/19 v0.25 Utility functions of pdfTeX for LuaTeX (HO
)
Package pdftexcmds Info: LuaTeX not detected.
Package pdftexcmds Info: \pdf@primitive is available.
Package pdftexcmds Info: \pdf@ifprimitive is available.
Package pdftexcmds Info: \pdfdraftmode found.
Package: pdfescape 2016/05/16 v1.14 Implements pdfTeX's escape features (HO)
Package: bigintcalc 2016/05/16 v1.4 Expandable calculations on big integers (HO
)
Package: bitset 2016/05/16 v1.2 Handle bit-vector datatype (HO)
Package: uniquecounter 2016/05/16 v1.3 Provide unlimited unique counter (HO)
)
Package hobsub Info: Skipping package `hobsub' (already loaded).
Package: letltxmacro 2016/05/16 v1.5 Let assignment for LaTeX macros (HO)
Package: hopatch 2016/05/16 v1.3 Wrapper for package hooks (HO)
Package: xcolor-patch 2016/05/16 xcolor patch
Package: atveryend 2016/05/16 v1.9 Hooks at the very end of document (HO)
Package atveryend Info: \enddocument detected (standard20110627).
Package hobsub Info: Skipping package `atbegshi' (already loaded).
Package: refcount 2016/05/16 v3.5 Data extraction from label references (HO)
Package: hycolor 2016/05/16 v1.8 Color options for hyperref/bookmark (HO)
)
("C:\Program Files\MiKTeX 2.9\tex\generic\ifxetex\ifxetex.sty"
Package: ifxetex 2010/09/12 v0.6 Provides ifxetex conditional
)
("C:\Program Files\MiKTeX 2.9\tex\latex\oberdiek\auxhook.sty"
Package: auxhook 2016/05/16 v1.4 Hooks for auxiliary files (HO)
)
("C:\Program Files\MiKTeX 2.9\tex\latex\oberdiek\kvoptions.sty"
Package: kvoptions 2016/05/16 v3.12 Key value format for package options (HO)
)
\@linkdim=\dimen114
\Hy@linkcounter=\count102
\Hy@pagecounter=\count103

("C:\Program Files\MiKTeX 2.9\tex\latex\hyperref\pd1enc.def"
File: pd1enc.def 2017/03/14 v6.85a Hyperref: PDFDocEncoding definition (HO)
)
\Hy@SavedSpaceFactor=\count104

("C:\Program Files\MiKTeX 2.9\tex\latex\00miktex\hyperref.cfg"
File: hyperref.cfg 2002/06/06 v1.2 hyperref configuration of TeXLive
)
Package hyperref Info: Option `colorlinks' set `true' on input line 4374.
Package hyperref Info: Hyper figures OFF on input line 4498.
Package hyperref Info: Link nesting OFF on input line 4503.
Package hyperref Info: Hyper index ON on input line 4506.
Package hyperref Info: Plain pages OFF on input line 4513.
Package hyperref Info: Backreferencing OFF on input line 4518.
Package hyperref Info: Implicit mode ON; LaTeX internals redefined.
Package hyperref Info: Bookmarks ON on input line 4751.
\c@Hy@tempcnt=\count105

("C:\Program Files\MiKTeX 2.9\tex\latex\url\url.sty"
\Urlmuskip=\muskip10
Package: url 2013/09/16  ver 3.4  Verb mode for urls, etc.
)
LaTeX Info: Redefining \url on input line 5104.
\XeTeXLinkMargin=\dimen115
\Fld@menulength=\count106
\Field@Width=\dimen116
\Fld@charsize=\dimen117
Package hyperref Info: Hyper figures OFF on input line 6358.
Package hyperref Info: Link nesting OFF on input line 6363.
Package hyperref Info: Hyper index ON on input line 6366.
Package hyperref Info: backreferencing OFF on input line 6373.
Package hyperref Info: Link coloring ON on input line 6376.
Package hyperref Info: Link coloring with OCG OFF on input line 6383.
Package hyperref Info: PDF/A mode OFF on input line 6388.
LaTeX Info: Redefining \ref on input line 6428.
LaTeX Info: Redefining \pageref on input line 6432.
\Hy@abspage=\count107
\c@Item=\count108
\c@Hfootnote=\count109
)

Package hyperref Message: Driver (autodetected): hpdftex.

("C:\Program Files\MiKTeX 2.9\tex\latex\hyperref\hpdftex.def"
File: hpdftex.def 2017/03/14 v6.85a Hyperref driver for pdfTeX
\Fld@listcount=\count110
\c@bookmark@seq@number=\count111

("C:\Program Files\MiKTeX 2.9\tex\latex\oberdiek\rerunfilecheck.sty"
Package: rerunfilecheck 2016/05/16 v1.8 Rerun checks for auxiliary files (HO)
Package uniquecounter Info: New unique counter `rerunfilecheck' on input line 2
82.
)
\Hy@SectionHShift=\skip46
)
("C:\Program Files\MiKTeX 2.9\tex\latex\fancyhdr\fancyhdr.sty"
Package: fancyhdr 2017/06/30 v3.9a Extensive control of page headers and footer
s
\f@nch@headwidth=\skip47
\f@nch@O@elh=\skip48
\f@nch@O@erh=\skip49
\f@nch@O@olh=\skip50
\f@nch@O@orh=\skip51
\f@nch@O@elf=\skip52
\f@nch@O@erf=\skip53
\f@nch@O@olf=\skip54
\f@nch@O@orf=\skip55
)
("C:\Program Files\MiKTeX 2.9\tex\latex\titlesec\titlesec.sty"
Package: titlesec 2016/03/21 v2.10.2 Sectioning titles
\ttl@box=\box32
\beforetitleunit=\skip56
\aftertitleunit=\skip57
\ttl@plus=\dimen118
\ttl@minus=\dimen119
\ttl@toksa=\toks20
\titlewidth=\dimen120
\titlewidthlast=\dimen121
\titlewidthfirst=\dimen122
)
("C:\Program Files\MiKTeX 2.9\tex\latex\geometry\geometry.sty"
Package: geometry 2010/09/12 v5.6 Page Geometry
\Gm@cnth=\count112
\Gm@cntv=\count113
\c@Gm@tempcnt=\count114
\Gm@bindingoffset=\dimen123
\Gm@wd@mp=\dimen124
\Gm@odd@mp=\dimen125
\Gm@even@mp=\dimen126
\Gm@layoutwidth=\dimen127
\Gm@layoutheight=\dimen128
\Gm@layouthoffset=\dimen129
\Gm@layoutvoffset=\dimen130
\Gm@dimlist=\toks21

("C:\Program Files\MiKTeX 2.9\tex\latex\geometry\geometry.cfg"))
\@indexfile=\write3
\openout3 = `Report-Group4-IoT-Wheel.idx'.


Writing index file Report-Group4-IoT-Wheel.idx
("C:\Program Files\MiKTeX 2.9\tex\latex\setspace\setspace.sty"
Package: setspace 2011/12/19 v6.7a set line spacing
)
(Report-Group4-IoT-Wheel.aux)
\openout1 = `Report-Group4-IoT-Wheel.aux'.

LaTeX Font Info:    Checking defaults for OML/cmm/m/it on input line 34.
LaTeX Font Info:    ... okay on input line 34.
LaTeX Font Info:    Checking defaults for T1/cmr/m/n on input line 34.
LaTeX Font Info:    ... okay on input line 34.
LaTeX Font Info:    Checking defaults for OT1/cmr/m/n on input line 34.
LaTeX Font Info:    ... okay on input line 34.
LaTeX Font Info:    Checking defaults for OMS/cmsy/m/n on input line 34.
LaTeX Font Info:    ... okay on input line 34.
LaTeX Font Info:    Checking defaults for OMX/cmex/m/n on input line 34.
LaTeX Font Info:    ... okay on input line 34.
LaTeX Font Info:    Checking defaults for U/cmr/m/n on input line 34.
LaTeX Font Info:    ... okay on input line 34.
LaTeX Font Info:    Checking defaults for PD1/pdf/m/n on input line 34.
LaTeX Font Info:    ... okay on input line 34.
LaTeX Font Info:    Try loading font information for OT1+lmss on input line 34.


("C:\Program Files\MiKTeX 2.9\tex\latex\lm\ot1lmss.fd"
File: ot1lmss.fd 2009/10/30 v1.6 Font defs for Latin Modern
)
("C:\Program Files\MiKTeX 2.9\tex\context\base\supp-pdf.mkii"
[Loading MPS to PDF converter (version 2006.09.02).]
\scratchcounter=\count115
\scratchdimen=\dimen131
\scratchbox=\box33
\nofMPsegments=\count116
\nofMParguments=\count117
\everyMPshowfont=\toks22
\MPscratchCnt=\count118
\MPscratchDim=\dimen132
\MPnumerator=\count119
\makeMPintoPDFobject=\count120
\everyMPtoPDFconversion=\toks23
) ("C:\Program Files\MiKTeX 2.9\tex\latex\oberdiek\epstopdf-base.sty"
Package: epstopdf-base 2016/05/15 v2.6 Base part for package epstopdf

("C:\Program Files\MiKTeX 2.9\tex\latex\oberdiek\grfext.sty"
Package: grfext 2016/05/16 v1.2 Manage graphics extensions (HO)
)
Package epstopdf-base Info: Redefining graphics rule for `.eps' on input line 4
38.
Package grfext Info: Graphics extension search list:
(grfext)             [.png,.pdf,.jpg,.mps,.jpeg,.jbig2,.jb2,.PNG,.PDF,.JPG,.JPE
G,.JBIG2,.JB2,.eps]
(grfext)             \AppendGraphicsExtensions on input line 456.
)
\AtBeginShipoutBox=\box34

("C:\Program Files\MiKTeX 2.9\tex\latex\oberdiek\pdflscape.sty"
Package: pdflscape 2016/05/14 v0.11 Display of landscape pages in PDF (HO)

("C:\Program Files\MiKTeX 2.9\tex\latex\graphics\lscape.sty"
Package: lscape 2000/10/22 v3.01 Landscape Pages (DPC)
)
Package pdflscape Info: Auto-detected driver: pdftex on input line 81.
)
\c@lstlisting=\count121
Package hyperref Info: Link coloring ON on input line 34.

("C:\Program Files\MiKTeX 2.9\tex\latex\hyperref\nameref.sty"
Package: nameref 2016/05/21 v2.44 Cross-referencing by name of section

("C:\Program Files\MiKTeX 2.9\tex\generic\oberdiek\gettitlestring.sty"
Package: gettitlestring 2016/05/16 v1.5 Cleanup title references (HO)
)
\c@section@level=\count122
)
LaTeX Info: Redefining \ref on input line 34.
LaTeX Info: Redefining \pageref on input line 34.
LaTeX Info: Redefining \nameref on input line 34.

(Report-Group4-IoT-Wheel.out) (Report-Group4-IoT-Wheel.out)
\@outlinefile=\write4
\openout4 = `Report-Group4-IoT-Wheel.out'.


*geometry* driver: auto-detecting
*geometry* detected driver: pdftex
*geometry* verbose mode - [ preamble ] result:
* driver: pdftex
* paper: a4paper
* layout: <same size as paper>
* layoutoffset:(h,v)=(0.0pt,0.0pt)
* modes: 
* h-part:(L,W,R)=(71.13188pt, 455.24411pt, 71.13188pt)
* v-part:(T,H,B)=(71.13188pt, 717.00946pt, 56.9055pt)
* \paperwidth=597.50787pt
* \paperheight=845.04684pt
* \textwidth=455.24411pt
* \textheight=717.00946pt
* \oddsidemargin=-1.1381pt
* \evensidemargin=-1.1381pt
* \topmargin=-41.59085pt
* \headheight=12.0pt
* \headsep=28.45274pt
* \topskip=12.0pt
* \footskip=34.1433pt
* \marginparwidth=44.0pt
* \marginparsep=10.0pt
* \columnsep=10.0pt
* \skip\footins=10.8pt plus 4.0pt minus 2.0pt
* \hoffset=0.0pt
* \voffset=0.0pt
* \mag=1000
* \@twocolumnfalse
* \@twosidefalse
* \@mparswitchfalse
* \@reversemarginfalse
* (1in=72.27pt=25.4mm, 1cm=28.453pt)

<Plot.jpg, id=147, 433.62pt x 386.19281pt>
File: Plot.jpg Graphic file (type jpg)
 <use Plot.jpg>
Package pdftex.def Info: Plot.jpg used on input line 38.
(pdftex.def)             Requested size: 227.62206pt x 202.72478pt.
LaTeX Font Info:    Try loading font information for OT1+lmr on input line 39.

("C:\Program Files\MiKTeX 2.9\tex\latex\lm\ot1lmr.fd"
File: ot1lmr.fd 2009/10/30 v1.6 Font defs for Latin Modern
)

LaTeX Font Warning: Font shape `OT1/lmss/m/sc' in size <12> not available
(Font)              Font shape `OT1/lmr/m/sc' tried instead on input line 39.


LaTeX Font Warning: Font shape `OT1/lmss/m/sc' in size <24.88> not available
(Font)              Font shape `OT1/lmr/m/sc' tried instead on input line 39.


LaTeX Font Warning: Font shape `OT1/lmss/m/sc' in size <17.28> not available
(Font)              Font shape `OT1/lmr/m/sc' tried instead on input line 41.

[1

{C:/ProgramData/MiKTeX/2.9/pdftex/config/pdftex.map} <./Plot.jpg>]
("C:\Program Files\MiKTeX 2.9\tex\latex\listings\lstlang1.sty"
File: lstlang1.sty 2015/06/04 1.6 listings language file
)
(Report-Group4-IoT-Wheel.toc
LaTeX Font Info:    Try loading font information for OML+lmm on input line 4.

("C:\Program Files\MiKTeX 2.9\tex\latex\lm\omllmm.fd"
File: omllmm.fd 2009/10/30 v1.6 Font defs for Latin Modern
)
LaTeX Font Info:    Try loading font information for OMS+lmsy on input line 4.

("C:\Program Files\MiKTeX 2.9\tex\latex\lm\omslmsy.fd"
File: omslmsy.fd 2009/10/30 v1.6 Font defs for Latin Modern
)
LaTeX Font Info:    Try loading font information for OMX+lmex on input line 4.

("C:\Program Files\MiKTeX 2.9\tex\latex\lm\omxlmex.fd"
File: omxlmex.fd 2009/10/30 v1.6 Font defs for Latin Modern
)
LaTeX Font Info:    External font `lmex10' loaded for size
(Font)              <12> on input line 4.
LaTeX Font Info:    External font `lmex10' loaded for size
(Font)              <8> on input line 4.
LaTeX Font Info:    External font `lmex10' loaded for size
(Font)              <6> on input line 4.

<THM-Logo.png, id=193, 543.02875pt x 180.675pt>
File: THM-Logo.png Graphic file (type png)
 <use THM-Logo.png>
Package pdftex.def Info: THM-Logo.png used on input line 37.
(pdftex.def)             Requested size: 91.04742pt x 30.29253pt.


Package Fancyhdr Warning: \headheight is too small (12.0pt): 
 Make it at least 34.64256pt.
 We now make it that large for the rest of the document.
 This may cause the page layout to be inconsistent, however.

pdfTeX warning (ext4): destination with the same identifier (name{page.1}) has 
been already used, duplicate ignored
<to be read again> 
                   \relax 
l.37 ...de Java - Topic class}{48}{subsection.5.8}
                                                   [1 <./THM-Logo.png>])
\tf@toc=\write5
\openout5 = `Report-Group4-IoT-Wheel.toc'.

File: THM-Logo.png Graphic file (type png)

<use THM-Logo.png>
Package pdftex.def Info: THM-Logo.png used on input line 61.
(pdftex.def)             Requested size: 91.04742pt x 30.29253pt.


Package Fancyhdr Warning: \headheight is too small (12.0pt): 
 Make it at least 34.64256pt.
 We now make it that large for the rest of the document.
 This may cause the page layout to be inconsistent, however.

[2] <realwheel.jpg, id=206, 2043.635pt x 2119.92pt>
File: realwheel.jpg Graphic file (type jpg)
 <use realwheel.jpg>
Package pdftex.def Info: realwheel.jpg used on input line 73.
(pdftex.def)             Requested size: 227.62206pt x 236.10318pt.
File: THM-Logo.png Graphic file (type png)

<use THM-Logo.png>
Package pdftex.def Info: THM-Logo.png used on input line 78.
(pdftex.def)             Requested size: 91.04742pt x 30.29253pt.


Package Fancyhdr Warning: \headheight is too small (12.0pt): 
 Make it at least 34.64256pt.
 We now make it that large for the rest of the document.
 This may cause the page layout to be inconsistent, however.

[3 <./realwheel.jpg>] <Raspberry-pi-3.jpg, id=212, 1218.80344pt x 813.0375pt>
File: Raspberry-pi-3.jpg Graphic file (type jpg)

<use Raspberry-pi-3.jpg>
Package pdftex.def Info: Raspberry-pi-3.jpg used on input line 87.
(pdftex.def)             Requested size: 318.66948pt x 212.57573pt.
LaTeX Font Info:    Try loading font information for OMS+lmss on input line 94.

LaTeX Font Info:    No file OMSlmss.fd. on input line 94.


LaTeX Font Warning: Font shape `OMS/lmss/m/n' undefined
(Font)              using `OMS/cmsy/m/n' instead
(Font)              for symbol `textbullet' on input line 94.

File: THM-Logo.png Graphic file (type png)
<use THM-Logo.png>
Package pdftex.def Info: THM-Logo.png used on input line 102.
(pdftex.def)             Requested size: 91.04742pt x 30.29253pt.


Package Fancyhdr Warning: \headheight is too small (12.0pt): 
 Make it at least 34.64256pt.
 We now make it that large for the rest of the document.
 This may cause the page layout to be inconsistent, however.

[4 <./Raspberry-pi-3.jpg>] <Sense-HAT.jpg, id=219, 1304.62407pt x 813.0375pt>
File: Sense-HAT.jpg Graphic file (type jpg)

<use Sense-HAT.jpg>
Package pdftex.def Info: Sense-HAT.jpg used on input line 112.
(pdftex.def)             Requested size: 318.66948pt x 198.59424pt.
 <CC2650.jpg, id=220, 240.9pt x 240.9pt>
File: CC2650.jpg Graphic file (type jpg)
 <use CC2650.jpg>
Package pdftex.def Info: CC2650.jpg used on input line 136.
(pdftex.def)             Requested size: 227.62206pt x 227.62964pt.
File: THM-Logo.png Graphic file (type png)

<use THM-Logo.png>
Package pdftex.def Info: THM-Logo.png used on input line 141.
(pdftex.def)             Requested size: 91.04742pt x 30.29253pt.


Package Fancyhdr Warning: \headheight is too small (12.0pt): 
 Make it at least 34.64256pt.
 We now make it that large for the rest of the document.
 This may cause the page layout to be inconsistent, however.

[5 <./Sense-HAT.jpg>] <wheel.png, id=230, 426.59375pt x 482.80376pt>
File: wheel.png Graphic file (type png)

<use wheel.png>
Package pdftex.def Info: wheel.png used on input line 152.
(pdftex.def)             Requested size: 318.66948pt x 360.6801pt.
File: THM-Logo.png Graphic file (type png)
 <use THM-Logo.png>
Package pdftex.def Info: THM-Logo.png used on input line 157.
(pdftex.def)             Requested size: 91.04742pt x 30.29253pt.


Package Fancyhdr Warning: \headheight is too small (12.0pt): 
 Make it at least 34.64256pt.
 We now make it that large for the rest of the document.
 This may cause the page layout to be inconsistent, however.

[6 <./CC2650.jpg>]
File: THM-Logo.png Graphic file (type png)
 <use THM-Logo.png>
Package pdftex.def Info: THM-Logo.png used on input line 159.
(pdftex.def)             Requested size: 91.04742pt x 30.29253pt.


Package Fancyhdr Warning: \headheight is too small (12.0pt): 
 Make it at least 34.64256pt.
 We now make it that large for the rest of the document.
 This may cause the page layout to be inconsistent, however.

[7 <./wheel.png>]
LaTeX Font Info:    External font `lmex10' loaded for size
(Font)              <10> on input line 165.
LaTeX Font Info:    External font `lmex10' loaded for size
(Font)              <7> on input line 165.
LaTeX Font Info:    External font `lmex10' loaded for size
(Font)              <5> on input line 165.
LaTeX Font Info:    Try loading font information for OT1+lmtt on input line 165
.
 ("C:\Program Files\MiKTeX 2.9\tex\latex\lm\ot1lmtt.fd"
File: ot1lmtt.fd 2009/10/30 v1.6 Font defs for Latin Modern
)
File: THM-Logo.png Graphic file (type png)

<use THM-Logo.png>
Package pdftex.def Info: THM-Logo.png used on input line 179.
(pdftex.def)             Requested size: 91.04742pt x 30.29253pt.


Package Fancyhdr Warning: \headheight is too small (12.0pt): 
 Make it at least 34.64256pt.
 We now make it that large for the rest of the document.
 This may cause the page layout to be inconsistent, however.

[8] <mqtt.png, id=263, 433.62pt x 252.945pt>
File: mqtt.png Graphic file (type png)
 <use mqtt.png>
Package pdftex.def Info: mqtt.png used on input line 187.
(pdftex.def)             Requested size: 455.24411pt x 265.57307pt.
File: THM-Logo.png Graphic file (type png)
 <use THM-Logo.png>
Package pdftex.def Info: THM-Logo.png used on input line 192.
(pdftex.def)             Requested size: 91.04742pt x 30.29253pt.


Package Fancyhdr Warning: \headheight is too small (12.0pt): 
 Make it at least 34.64256pt.
 We now make it that large for the rest of the document.
 This may cause the page layout to be inconsistent, however.

[9 <./mqtt.png>] <putty_conf.png, id=274, 340.27126pt x 332.74312pt>
File: putty_conf.png Graphic file (type png)

<use putty_conf.png>
Package pdftex.def Info: putty_conf.png used on input line 208.
(pdftex.def)             Requested size: 227.62206pt x 222.5864pt.

<putty_start_node_red.PNG, id=276, 497.60907pt x 314.67563pt>
File: putty_start_node_red.PNG Graphic file (type png)

<use putty_start_node_red.PNG>
Package pdftex.def Info: putty_start_node_red.PNG used on input line 223.
(pdftex.def)             Requested size: 455.24411pt x 287.89175pt.
File: THM-Logo.png Graphic file (type png)
 <use THM-Logo.png>
Package pdftex.def Info: THM-Logo.png used on input line 228.
(pdftex.def)             Requested size: 91.04742pt x 30.29253pt.


Package Fancyhdr Warning: \headheight is too small (12.0pt): 
 Make it at least 34.64256pt.
 We now make it that large for the rest of the document.
 This may cause the page layout to be inconsistent, however.

[10 <./putty_conf.png>] <Node_red_1.PNG, id=287, 1023.825pt x 486.31688pt>
File: Node_red_1.PNG Graphic file (type png)

<use Node_red_1.PNG>
Package pdftex.def Info: Node_red_1.PNG used on input line 231.
(pdftex.def)             Requested size: 455.24411pt x 216.23595pt.
File: THM-Logo.png Graphic file (type png)
 <use THM-Logo.png>
Package pdftex.def Info: THM-Logo.png used on input line 236.
(pdftex.def)             Requested size: 91.04742pt x 30.29253pt.


Package Fancyhdr Warning: \headheight is too small (12.0pt): 
 Make it at least 34.64256pt.
 We now make it that large for the rest of the document.
 This may cause the page layout to be inconsistent, however.

[11 <./putty_start_node_red.PNG> <./Node_red_1.PNG>]

LaTeX Warning: Reference `sec:source-code-node-red' on page 12 undefined on inp
ut line 239.

<Sense_Hat_node.PNG, id=299, 1027.58907pt x 487.8225pt>
File: Sense_Hat_node.PNG Graphic file (type png)

<use Sense_Hat_node.PNG>
Package pdftex.def Info: Sense_Hat_node.PNG used on input line 245.
(pdftex.def)             Requested size: 455.24411pt x 216.11638pt.

<timestamp_function_node_red.PNG, id=302, 1028.34187pt x 489.32813pt>
File: timestamp_function_node_red.PNG Graphic file (type png)

<use timestamp_function_node_red.PNG>
Package pdftex.def Info: timestamp_function_node_red.PNG used on input line 254
.
(pdftex.def)             Requested size: 455.24411pt x 216.6266pt.
File: THM-Logo.png Graphic file (type png)
 <use THM-Logo.png>
Package pdftex.def Info: THM-Logo.png used on input line 258.
(pdftex.def)             Requested size: 91.04742pt x 30.29253pt.


Package Fancyhdr Warning: \headheight is too small (12.0pt): 
 Make it at least 34.64256pt.
 We now make it that large for the rest of the document.
 This may cause the page layout to be inconsistent, however.

[12 <./Sense_Hat_node.PNG>]
File: THM-Logo.png Graphic file (type png)
 <use THM-Logo.png>
Package pdftex.def Info: THM-Logo.png used on input line 281.
(pdftex.def)             Requested size: 91.04742pt x 30.29253pt.


Package Fancyhdr Warning: \headheight is too small (12.0pt): 
 Make it at least 34.64256pt.
 We now make it that large for the rest of the document.
 This may cause the page layout to be inconsistent, however.

[13 <./timestamp_function_node_red.PNG>]
<mqtt_node.PNG, id=317, 1027.58907pt x 490.83376pt>
File: mqtt_node.PNG Graphic file (type png)
 <use mqtt_node.PNG>
Package pdftex.def Info: mqtt_node.PNG used on input line 291.
(pdftex.def)             Requested size: 455.24411pt x 217.45044pt.
File: THM-Logo.png Graphic file (type png)

<use THM-Logo.png>
Package pdftex.def Info: THM-Logo.png used on input line 296.
(pdftex.def)             Requested size: 91.04742pt x 30.29253pt.


Package Fancyhdr Warning: \headheight is too small (12.0pt): 
 Make it at least 34.64256pt.
 We now make it that large for the rest of the document.
 This may cause the page layout to be inconsistent, however.

[14 <./mqtt_node.PNG>]
Overfull \hbox (0.96689pt too wide) in paragraph at lines 301--349
[] \OT1/lmss/m/n/12 a = na-
 []

File: THM-Logo.png Graphic file (type png)
<use THM-Logo.png>
Package pdftex.def Info: THM-Logo.png used on input line 349.
(pdftex.def)             Requested size: 91.04742pt x 30.29253pt.


Package Fancyhdr Warning: \headheight is too small (12.0pt): 
 Make it at least 34.64256pt.
 We now make it that large for the rest of the document.
 This may cause the page layout to be inconsistent, however.

[15]
LaTeX Font Info:    Font shape `OT1/lmss/m/it' in size <8> not available
(Font)              Font shape `OT1/lmss/m/sl' tried instead on input line 378.

LaTeX Font Info:    Font shape `OT1/lmss/m/it' in size <7> not available
(Font)              Font shape `OT1/lmss/m/sl' tried instead on input line 378.


Underfull \hbox (badness 10000) in paragraph at lines 378--378
\OT1/lmss/m/n/12 "acceleration":"x":-0.0015,"y":0.0269,"z":0.9831,"gyroscope":"
x":-0.0024,"y":-
 []


Underfull \hbox (badness 10000) in paragraph at lines 378--378
\OT1/lmss/m/n/12 0.0016,"z":0.0002,"orientation":"roll":1.6198,"pitch":0.0462,"
yaw":245.0466,
 []

File: THM-Logo.png Graphic file (type png)
<use THM-Logo.png>
Package pdftex.def Info: THM-Logo.png used on input line 379.
(pdftex.def)             Requested size: 91.04742pt x 30.29253pt.


Package Fancyhdr Warning: \headheight is too small (12.0pt): 
 Make it at least 34.64256pt.
 We now make it that large for the rest of the document.
 This may cause the page layout to be inconsistent, however.

[16]
LaTeX Font Info:    Font shape `OT1/lmss/m/it' in size <12> not available
(Font)              Font shape `OT1/lmss/m/sl' tried instead on input line 403.

 <GUI.PNG, id=360, 614.295pt x 371.13657pt>
File: GUI.PNG Graphic file (type png)
 <use GUI.PNG>
Package pdftex.def Info: GUI.PNG used on input line 422.
(pdftex.def)             Requested size: 318.66948pt x 192.52774pt.
File: THM-Logo.png Graphic file (type png)

<use THM-Logo.png>
Package pdftex.def Info: THM-Logo.png used on input line 438.
(pdftex.def)             Requested size: 91.04742pt x 30.29253pt.


Package Fancyhdr Warning: \headheight is too small (12.0pt): 
 Make it at least 34.64256pt.
 We now make it that large for the rest of the document.
 This may cause the page layout to be inconsistent, however.

[17 <./GUI.PNG>]
LaTeX Font Info:    External font `lmex10' loaded for size
(Font)              <10.95> on input line 439.
 <GUI-LOG.PNG, id=374, 614.295pt x 371.13657pt>
File: GUI-LOG.PNG Graphic file (type png)

<use GUI-LOG.PNG>
Package pdftex.def Info: GUI-LOG.PNG used on input line 447.
(pdftex.def)             Requested size: 455.24411pt x 275.0445pt.

Underfull \hbox (badness 10000) in paragraph at lines 453--461

 []

File: THM-Logo.png Graphic file (type png)
<use THM-Logo.png>
Package pdftex.def Info: THM-Logo.png used on input line 479.
(pdftex.def)             Requested size: 91.04742pt x 30.29253pt.


Package Fancyhdr Warning: \headheight is too small (12.0pt): 
 Make it at least 34.64256pt.
 We now make it that large for the rest of the document.
 This may cause the page layout to be inconsistent, however.

[18 <./GUI-LOG.PNG>]
File: THM-Logo.png Graphic file (type png)
 <use THM-Logo.png>
Package pdftex.def Info: THM-Logo.png used on input line 537.
(pdftex.def)             Requested size: 91.04742pt x 30.29253pt.


Package Fancyhdr Warning: \headheight is too small (12.0pt): 
 Make it at least 34.64256pt.
 We now make it that large for the rest of the document.
 This may cause the page layout to be inconsistent, however.

[19]
File: THM-Logo.png Graphic file (type png)
 <use THM-Logo.png>
Package pdftex.def Info: THM-Logo.png used on input line 587.
(pdftex.def)             Requested size: 91.04742pt x 30.29253pt.


Package Fancyhdr Warning: \headheight is too small (12.0pt): 
 Make it at least 34.64256pt.
 We now make it that large for the rest of the document.
 This may cause the page layout to be inconsistent, however.

[20]
File: Plot.jpg Graphic file (type jpg)
 <use Plot.jpg>
Package pdftex.def Info: Plot.jpg used on input line 627.
(pdftex.def)             Requested size: 227.62206pt x 202.72478pt.
File: THM-Logo.png Graphic file (type png)
 <use THM-Logo.png>
Package pdftex.def Info: THM-Logo.png used on input line 632.
(pdftex.def)             Requested size: 91.04742pt x 30.29253pt.


Package Fancyhdr Warning: \headheight is too small (12.0pt): 
 Make it at least 34.64256pt.
 We now make it that large for the rest of the document.
 This may cause the page layout to be inconsistent, however.

[21] <jitter.png, id=520, 793.96625pt x 435.6275pt>
File: jitter.png Graphic file (type png)
 <use jitter.png>
Package pdftex.def Info: jitter.png used on input line 643.
(pdftex.def)             Requested size: 455.24411pt x 249.78592pt.
File: THM-Logo.png Graphic file (type png)

<use THM-Logo.png>
Package pdftex.def Info: THM-Logo.png used on input line 647.
(pdftex.def)             Requested size: 91.04742pt x 30.29253pt.


Package Fancyhdr Warning: \headheight is too small (12.0pt): 
 Make it at least 34.64256pt.
 We now make it that large for the rest of the document.
 This may cause the page layout to be inconsistent, however.

[22]
Overfull \hbox (27.75458pt too wide) in paragraph at lines 650--650
[][][][]$\OT1/lmtt/m/n/10 https : / / de . mathworks . com / videos / series / 
getting-[]started-[]with-[]simulink-[]3d-[]animation-[]94454 .
 []

File: THM-Logo.png Graphic file (type png)
<use THM-Logo.png>
Package pdftex.def Info: THM-Logo.png used on input line 653.
(pdftex.def)             Requested size: 91.04742pt x 30.29253pt.


Package Fancyhdr Warning: \headheight is too small (12.0pt): 
 Make it at least 34.64256pt.
 We now make it that large for the rest of the document.
 This may cause the page layout to be inconsistent, however.

[23 <./jitter.png>]
File: THM-Logo.png Graphic file (type png)
 <use THM-Logo.png>
Package pdftex.def Info: THM-Logo.png used on input line 653.
(pdftex.def)             Requested size: 91.04742pt x 30.29253pt.


Package Fancyhdr Warning: \headheight is too small (12.0pt): 
 Make it at least 34.64256pt.
 We now make it that large for the rest of the document.
 This may cause the page layout to be inconsistent, however.

[24] (sourcecodenodered.txt
File: THM-Logo.png Graphic file (type png)
 <use THM-Logo.png>
Package pdftex.def Info: THM-Logo.png used on input line 42.
(pdftex.def)             Requested size: 91.04742pt x 30.29253pt.


Package Fancyhdr Warning: \headheight is too small (12.0pt): 
 Make it at least 34.64256pt.
 We now make it that large for the rest of the document.
 This may cause the page layout to be inconsistent, however.

[25]
LaTeX Font Info:    Try loading font information for OML+lmss on input line 42.

LaTeX Font Info:    No file OMLlmss.fd. on input line 42.


LaTeX Font Warning: Font shape `OML/lmss/m/n' undefined
(Font)              using `OML/cmm/m/it' instead
(Font)              for symbol `textless' on input line 42.

File: THM-Logo.png Graphic file (type png)
<use THM-Logo.png>
Package pdftex.def Info: THM-Logo.png used on input line 78.
(pdftex.def)             Requested size: 91.04742pt x 30.29253pt.


Package Fancyhdr Warning: \headheight is too small (12.0pt): 
 Make it at least 34.64256pt.
 We now make it that large for the rest of the document.
 This may cause the page layout to be inconsistent, however.

[26]) (sourcecodenoderedSense-HAT.txt
File: THM-Logo.png Graphic file (type png)
 <use THM-Logo.png>
Package pdftex.def Info: THM-Logo.png used on input line 6.
(pdftex.def)             Requested size: 91.04742pt x 30.29253pt.


Package Fancyhdr Warning: \headheight is too small (12.0pt): 
 Make it at least 34.64256pt.
 We now make it that large for the rest of the document.
 This may cause the page layout to be inconsistent, however.

[27]
File: THM-Logo.png Graphic file (type png)
 <use THM-Logo.png>
Package pdftex.def Info: THM-Logo.png used on input line 47.
(pdftex.def)             Requested size: 91.04742pt x 30.29253pt.


Package Fancyhdr Warning: \headheight is too small (12.0pt): 
 Make it at least 34.64256pt.
 We now make it that large for the rest of the document.
 This may cause the page layout to be inconsistent, however.

[28]
File: THM-Logo.png Graphic file (type png)
 <use THM-Logo.png>
Package pdftex.def Info: THM-Logo.png used on input line 91.
(pdftex.def)             Requested size: 91.04742pt x 30.29253pt.


Package Fancyhdr Warning: \headheight is too small (12.0pt): 
 Make it at least 34.64256pt.
 We now make it that large for the rest of the document.
 This may cause the page layout to be inconsistent, however.

[29])
Underfull \hbox (badness 10000) in paragraph at lines 665--676

 []

File: THM-Logo.png Graphic file (type png)
<use THM-Logo.png>
Package pdftex.def Info: THM-Logo.png used on input line 713.
(pdftex.def)             Requested size: 91.04742pt x 30.29253pt.


Package Fancyhdr Warning: \headheight is too small (12.0pt): 
 Make it at least 34.64256pt.
 We now make it that large for the rest of the document.
 This may cause the page layout to be inconsistent, however.

[30]
File: THM-Logo.png Graphic file (type png)
 <use THM-Logo.png>
Package pdftex.def Info: THM-Logo.png used on input line 747.
(pdftex.def)             Requested size: 91.04742pt x 30.29253pt.


Package Fancyhdr Warning: \headheight is too small (12.0pt): 
 Make it at least 34.64256pt.
 We now make it that large for the rest of the document.
 This may cause the page layout to be inconsistent, however.

[31] <implent-java-matlab.png, id=801, 817.55438pt x 499.11469pt>
File: implent-java-matlab.png Graphic file (type png)

<use implent-java-matlab.png>
Package pdftex.def Info: implent-java-matlab.png used on input line 776.
(pdftex.def)             Requested size: 455.24411pt x 277.92583pt.
File: THM-Logo.png Graphic file (type png)
 <use THM-Logo.png>
Package pdftex.def Info: THM-Logo.png used on input line 780.
(pdftex.def)             Requested size: 91.04742pt x 30.29253pt.


Package Fancyhdr Warning: \headheight is too small (12.0pt): 
 Make it at least 34.64256pt.
 We now make it that large for the rest of the document.
 This may cause the page layout to be inconsistent, however.

[32]
File: THM-Logo.png Graphic file (type png)
 <use THM-Logo.png>
Package pdftex.def Info: THM-Logo.png used on input line 812.
(pdftex.def)             Requested size: 91.04742pt x 30.29253pt.


Package Fancyhdr Warning: \headheight is too small (12.0pt): 
 Make it at least 34.64256pt.
 We now make it that large for the rest of the document.
 This may cause the page layout to be inconsistent, however.

[33 <./implent-java-matlab.png>]
Overfull \hbox (32.23048pt too wide) in paragraph at lines 828--828
 []\OT1/lmtt/m/n/12 javaaddpath ('C:\Users\Student\Desktop\testmatlab1\testmatl
ab1.class')[] 
 []


Overfull \hbox (19.88048pt too wide) in paragraph at lines 834--834
 []\OT1/lmtt/m/n/12 javaaddpath ('C:\Users\Student\Desktop\testmatlab1\testmatl
ab1.jar')[] 
 []

(SourceCodeGUI.java
LaTeX Font Info:    Font shape `OT1/lmss/m/it' in size <10.95> not available
(Font)              Font shape `OT1/lmss/m/sl' tried instead on input line 22.


LaTeX Font Warning: Font shape `OMS/lmss/m/it' undefined
(Font)              using `OMS/lmss/m/n' instead
(Font)              for symbol `textasteriskcentered' on input line 22.

File: THM-Logo.png Graphic file (type png)
<use THM-Logo.png>
Package pdftex.def Info: THM-Logo.png used on input line 24.
(pdftex.def)             Requested size: 91.04742pt x 30.29253pt.


Package Fancyhdr Warning: \headheight is too small (12.0pt): 
 Make it at least 34.64256pt.
 We now make it that large for the rest of the document.
 This may cause the page layout to be inconsistent, however.

[34]
File: THM-Logo.png Graphic file (type png)
 <use THM-Logo.png>
Package pdftex.def Info: THM-Logo.png used on input line 67.
(pdftex.def)             Requested size: 91.04742pt x 30.29253pt.


Package Fancyhdr Warning: \headheight is too small (12.0pt): 
 Make it at least 34.64256pt.
 We now make it that large for the rest of the document.
 This may cause the page layout to be inconsistent, however.

[35]
File: THM-Logo.png Graphic file (type png)
 <use THM-Logo.png>
Package pdftex.def Info: THM-Logo.png used on input line 106.
(pdftex.def)             Requested size: 91.04742pt x 30.29253pt.


Package Fancyhdr Warning: \headheight is too small (12.0pt): 
 Make it at least 34.64256pt.
 We now make it that large for the rest of the document.
 This may cause the page layout to be inconsistent, however.

[36]
File: THM-Logo.png Graphic file (type png)
 <use THM-Logo.png>
Package pdftex.def Info: THM-Logo.png used on input line 149.
(pdftex.def)             Requested size: 91.04742pt x 30.29253pt.


Package Fancyhdr Warning: \headheight is too small (12.0pt): 
 Make it at least 34.64256pt.
 We now make it that large for the rest of the document.
 This may cause the page layout to be inconsistent, however.

[37]
File: THM-Logo.png Graphic file (type png)
 <use THM-Logo.png>
Package pdftex.def Info: THM-Logo.png used on input line 192.
(pdftex.def)             Requested size: 91.04742pt x 30.29253pt.


Package Fancyhdr Warning: \headheight is too small (12.0pt): 
 Make it at least 34.64256pt.
 We now make it that large for the rest of the document.
 This may cause the page layout to be inconsistent, however.

[38]
File: THM-Logo.png Graphic file (type png)
 <use THM-Logo.png>
Package pdftex.def Info: THM-Logo.png used on input line 228.
(pdftex.def)             Requested size: 91.04742pt x 30.29253pt.


Package Fancyhdr Warning: \headheight is too small (12.0pt): 
 Make it at least 34.64256pt.
 We now make it that large for the rest of the document.
 This may cause the page layout to be inconsistent, however.

[39]
File: THM-Logo.png Graphic file (type png)
 <use THM-Logo.png>
Package pdftex.def Info: THM-Logo.png used on input line 259.
(pdftex.def)             Requested size: 91.04742pt x 30.29253pt.


Package Fancyhdr Warning: \headheight is too small (12.0pt): 
 Make it at least 34.64256pt.
 We now make it that large for the rest of the document.
 This may cause the page layout to be inconsistent, however.

[40]
File: THM-Logo.png Graphic file (type png)
 <use THM-Logo.png>
Package pdftex.def Info: THM-Logo.png used on input line 295.
(pdftex.def)             Requested size: 91.04742pt x 30.29253pt.


Package Fancyhdr Warning: \headheight is too small (12.0pt): 
 Make it at least 34.64256pt.
 We now make it that large for the rest of the document.
 This may cause the page layout to be inconsistent, however.

[41]
File: THM-Logo.png Graphic file (type png)
 <use THM-Logo.png>
Package pdftex.def Info: THM-Logo.png used on input line 335.
(pdftex.def)             Requested size: 91.04742pt x 30.29253pt.


Package Fancyhdr Warning: \headheight is too small (12.0pt): 
 Make it at least 34.64256pt.
 We now make it that large for the rest of the document.
 This may cause the page layout to be inconsistent, however.

[42]
File: THM-Logo.png Graphic file (type png)
 <use THM-Logo.png>
Package pdftex.def Info: THM-Logo.png used on input line 374.
(pdftex.def)             Requested size: 91.04742pt x 30.29253pt.


Package Fancyhdr Warning: \headheight is too small (12.0pt): 
 Make it at least 34.64256pt.
 We now make it that large for the rest of the document.
 This may cause the page layout to be inconsistent, however.

[43]
File: THM-Logo.png Graphic file (type png)
 <use THM-Logo.png>
Package pdftex.def Info: THM-Logo.png used on input line 411.
(pdftex.def)             Requested size: 91.04742pt x 30.29253pt.


Package Fancyhdr Warning: \headheight is too small (12.0pt): 
 Make it at least 34.64256pt.
 We now make it that large for the rest of the document.
 This may cause the page layout to be inconsistent, however.

[44]
File: THM-Logo.png Graphic file (type png)
 <use THM-Logo.png>
Package pdftex.def Info: THM-Logo.png used on input line 450.
(pdftex.def)             Requested size: 91.04742pt x 30.29253pt.


Package Fancyhdr Warning: \headheight is too small (12.0pt): 
 Make it at least 34.64256pt.
 We now make it that large for the rest of the document.
 This may cause the page layout to be inconsistent, however.

[45]
File: THM-Logo.png Graphic file (type png)
 <use THM-Logo.png>
Package pdftex.def Info: THM-Logo.png used on input line 490.
(pdftex.def)             Requested size: 91.04742pt x 30.29253pt.


Package Fancyhdr Warning: \headheight is too small (12.0pt): 
 Make it at least 34.64256pt.
 We now make it that large for the rest of the document.
 This may cause the page layout to be inconsistent, however.

[46])
File: THM-Logo.png Graphic file (type png)
 <use THM-Logo.png>
Package pdftex.def Info: THM-Logo.png used on input line 846.
(pdftex.def)             Requested size: 91.04742pt x 30.29253pt.


Package Fancyhdr Warning: \headheight is too small (12.0pt): 
 Make it at least 34.64256pt.
 We now make it that large for the rest of the document.
 This may cause the page layout to be inconsistent, however.

[47] (topic.java
File: THM-Logo.png Graphic file (type png)
 <use THM-Logo.png>
Package pdftex.def Info: THM-Logo.png used on input line 43.
(pdftex.def)             Requested size: 91.04742pt x 30.29253pt.


Package Fancyhdr Warning: \headheight is too small (12.0pt): 
 Make it at least 34.64256pt.
 We now make it that large for the rest of the document.
 This may cause the page layout to be inconsistent, however.

[48]
File: THM-Logo.png Graphic file (type png)
 <use THM-Logo.png>
Package pdftex.def Info: THM-Logo.png used on input line 87.
(pdftex.def)             Requested size: 91.04742pt x 30.29253pt.


Package Fancyhdr Warning: \headheight is too small (12.0pt): 
 Make it at least 34.64256pt.
 We now make it that large for the rest of the document.
 This may cause the page layout to be inconsistent, however.

[49])
Package atveryend Info: Empty hook `BeforeClearDocument' on input line 851.
File: THM-Logo.png Graphic file (type png)
 <use THM-Logo.png>
Package pdftex.def Info: THM-Logo.png used on input line 851.
(pdftex.def)             Requested size: 91.04742pt x 30.29253pt.


Package Fancyhdr Warning: \headheight is too small (12.0pt): 
 Make it at least 34.64256pt.
 We now make it that large for the rest of the document.
 This may cause the page layout to be inconsistent, however.

[50]
Package atveryend Info: Empty hook `AfterLastShipout' on input line 851.
 (Report-Group4-IoT-Wheel.aux)
Package atveryend Info: Executing hook `AtVeryEndDocument' on input line 851.
Package atveryend Info: Executing hook `AtEndAfterFileList' on input line 851.
Package rerunfilecheck Info: File `Report-Group4-IoT-Wheel.out' has not changed
.
(rerunfilecheck)             Checksum: DA6733EE6B09500CD20EE764B71A5112;2485.


LaTeX Font Warning: Some font shapes were not available, defaults substituted.


LaTeX Warning: There were undefined references.

Package atveryend Info: Empty hook `AtVeryVeryEnd' on input line 851.
 ) 
Here is how much of TeX's memory you used:
 10675 strings out of 493323
 158385 string characters out of 3139031
 400100 words of memory out of 3000000
 12930 multiletter control sequences out of 15000+200000
 80421 words of font info for 61 fonts, out of 3000000 for 9000
 1141 hyphenation exceptions out of 8191
 38i,16n,43p,1689b,1727s stack positions out of 5000i,500n,10000p,200000b,50000s
pdfTeX warning (dest): name{Hfootnote.20} has been referenced but does not ex
ist, replaced by a fixed one

pdfTeX warning (dest): name{Hfootnote.19} has been referenced but does not exis
t, replaced by a fixed one

pdfTeX warning (dest): name{Hfootnote.18} has been referenced but does not exis
t, replaced by a fixed one

pdfTeX warning (dest): name{Hfootnote.17} has been referenced but does not exis
t, replaced by a fixed one

pdfTeX warning (dest): name{Hfootnote.16} has been referenced but does not exis
t, replaced by a fixed one

pdfTeX warning (dest): name{Hfootnote.15} has been referenced but does not exis
t, replaced by a fixed one

pdfTeX warning (dest): name{Hfootnote.14} has been referenced but does not exis
t, replaced by a fixed one

pdfTeX warning (dest): name{Hfootnote.13} has been referenced but does not exis
t, replaced by a fixed one

pdfTeX warning (dest): name{Hfootnote.12} has been referenced but does not exis
t, replaced by a fixed one

pdfTeX warning (dest): name{Hfootnote.11} has been referenced but does not exis
t, replaced by a fixed one

pdfTeX warning (dest): name{Hfootnote.10} has been referenced but does not exis
t, replaced by a fixed one

pdfTeX warning (dest): name{Hfootnote.9} has been referenced but does not exist
, replaced by a fixed one

pdfTeX warning (dest): name{Hfootnote.8} has been referenced but does not exist
, replaced by a fixed one

pdfTeX warning (dest): name{Hfootnote.7} has been referenced but does not exist
, replaced by a fixed one

pdfTeX warning (dest): name{Hfootnote.6} has been referenced but does not exist
, replaced by a fixed one

pdfTeX warning (dest): name{Hfootnote.5} has been referenced but does not exist
, replaced by a fixed one

pdfTeX warning (dest): name{Hfootnote.4} has been referenced but does not exist
, replaced by a fixed one

pdfTeX warning (dest): name{Hfootnote.3} has been referenced but does not exist
, replaced by a fixed one

pdfTeX warning (dest): name{Hfootnote.2} has been referenced but does not exist
, replaced by a fixed one

pdfTeX warning (dest): name{Hfootnote.1} has been referenced but does not exist
, replaced by a fixed one

{C:/Program Files/MiKTeX 2.9/fonts/enc/dvips/lm/lm-rm.enc}{C:/Program Files/MiK
TeX 2.9/fonts/enc/dvips/lm/lm-rmtt.enc}{C:/Program Files/MiKTeX 2.9/fonts/enc/d
vips/lm/lm-mathit.enc}{C:/Program Files/MiKTeX 2.9/fonts/enc/dvips/lm/lm-mathsy
.enc}{C:/Program Files/MiKTeX 2.9/fonts/enc/dvips/lm/lm-rmsc.enc}<C:/Program Fi
les/MiKTeX 2.9/fonts/type1/public/amsfonts/cm/cmmi10.pfb><C:/Program Files/MiKT
eX 2.9/fonts/type1/public/amsfonts/cm/cmmi12.pfb><C:/Program Files/MiKTeX 2.9/f
onts/type1/public/amsfonts/cm/cmsy10.pfb><C:/Program Files/MiKTeX 2.9/fonts/typ
e1/public/lm/lmcsc10.pfb><C:/Program Files/MiKTeX 2.9/fonts/type1/public/lm/lmm
i12.pfb><C:/Program Files/MiKTeX 2.9/fonts/type1/public/lm/lmss10.pfb><C:/Progr
am Files/MiKTeX 2.9/fonts/type1/public/lm/lmss12.pfb><C:/Program Files/MiKTeX 2
.9/fonts/type1/public/lm/lmss8.pfb><C:/Program Files/MiKTeX 2.9/fonts/type1/pub
lic/lm/lmssbx10.pfb><C:/Program Files/MiKTeX 2.9/fonts/type1/public/lm/lmsso10.
pfb><C:/Program Files/MiKTeX 2.9/fonts/type1/public/lm/lmsso12.pfb><C:/Program 
Files/MiKTeX 2.9/fonts/type1/public/lm/lmsso8.pfb><C:/Program Files/MiKTeX 2.9/
fonts/type1/public/lm/lmsy10.pfb><C:/Program Files/MiKTeX 2.9/fonts/type1/publi
c/lm/lmsy8.pfb><C:/Program Files/MiKTeX 2.9/fonts/type1/public/lm/lmtt10.pfb><C
:/Program Files/MiKTeX 2.9/fonts/type1/public/lm/lmtt12.pfb>
Output written on Report-Group4-IoT-Wheel.pdf (51 pages, 1972536 bytes).
PDF statistics:
 1771 PDF objects out of 2073 (max. 8388607)
 1077 named destinations out of 1200 (max. 500000)
 379 words of extra memory for PDF output out of 10000 (max. 10000000)

